[2025-03-11T22:50:20.228+0000] {manager.py:483} INFO - Processing files using up to 2 processes at a time 
[2025-03-11T22:50:20.228+0000] {manager.py:484} INFO - Process each file at most once every 30 seconds
[2025-03-11T22:50:20.228+0000] {manager.py:485} INFO - Checking for new files in /opt/airflow/dags every 300 seconds
[2025-03-11T22:50:20.229+0000] {manager.py:821} INFO - Searching for files in /opt/airflow/dags
[2025-03-11T22:50:20.230+0000] {manager.py:824} INFO - There are 0 files in /opt/airflow/dags
[2025-03-11T22:55:20.344+0000] {manager.py:821} INFO - Searching for files in /opt/airflow/dags
[2025-03-11T22:55:20.346+0000] {manager.py:824} INFO - There are 0 files in /opt/airflow/dags
[2025-03-11T23:00:20.869+0000] {manager.py:821} INFO - Searching for files in /opt/airflow/dags
[2025-03-11T23:00:20.870+0000] {manager.py:824} INFO - There are 0 files in /opt/airflow/dags
[2025-03-12T20:16:53.383+0000] {manager.py:483} INFO - Processing files using up to 2 processes at a time 
[2025-03-12T20:16:53.384+0000] {manager.py:484} INFO - Process each file at most once every 30 seconds
[2025-03-12T20:16:53.384+0000] {manager.py:485} INFO - Checking for new files in /opt/airflow/dags every 300 seconds
[2025-03-12T20:16:53.384+0000] {manager.py:821} INFO - Searching for files in /opt/airflow/dags
[2025-03-12T20:16:53.385+0000] {manager.py:824} INFO - There are 0 files in /opt/airflow/dags
[2025-03-12T20:21:54.327+0000] {manager.py:821} INFO - Searching for files in /opt/airflow/dags
[2025-03-12T20:21:54.328+0000] {manager.py:824} INFO - There are 0 files in /opt/airflow/dags
[2025-03-12T20:26:55.192+0000] {manager.py:821} INFO - Searching for files in /opt/airflow/dags
[2025-03-12T20:26:55.193+0000] {manager.py:824} INFO - There are 0 files in /opt/airflow/dags
[2025-03-12T20:31:56.028+0000] {manager.py:821} INFO - Searching for files in /opt/airflow/dags
[2025-03-12T20:31:56.029+0000] {manager.py:824} INFO - There are 0 files in /opt/airflow/dags
[2025-03-12T20:36:56.878+0000] {manager.py:821} INFO - Searching for files in /opt/airflow/dags
[2025-03-12T20:36:56.879+0000] {manager.py:824} INFO - There are 0 files in /opt/airflow/dags
[2025-03-12T20:41:57.708+0000] {manager.py:821} INFO - Searching for files in /opt/airflow/dags
[2025-03-12T20:41:57.709+0000] {manager.py:824} INFO - There are 0 files in /opt/airflow/dags
[2025-03-12T20:46:58.555+0000] {manager.py:821} INFO - Searching for files in /opt/airflow/dags
[2025-03-12T20:46:58.556+0000] {manager.py:824} INFO - There are 0 files in /opt/airflow/dags
[2025-03-12T20:51:59.435+0000] {manager.py:821} INFO - Searching for files in /opt/airflow/dags
[2025-03-12T20:51:59.436+0000] {manager.py:824} INFO - There are 0 files in /opt/airflow/dags
[2025-03-12T20:57:00.350+0000] {manager.py:821} INFO - Searching for files in /opt/airflow/dags
[2025-03-12T20:57:00.351+0000] {manager.py:824} INFO - There are 0 files in /opt/airflow/dags
[2025-03-12T21:02:01.236+0000] {manager.py:821} INFO - Searching for files in /opt/airflow/dags
[2025-03-12T21:02:01.236+0000] {manager.py:824} INFO - There are 0 files in /opt/airflow/dags
[2025-03-12T21:07:02.154+0000] {manager.py:821} INFO - Searching for files in /opt/airflow/dags
[2025-03-12T21:07:02.155+0000] {manager.py:824} INFO - There are 0 files in /opt/airflow/dags
[2025-03-12T21:12:03.049+0000] {manager.py:821} INFO - Searching for files in /opt/airflow/dags
[2025-03-12T21:12:03.050+0000] {manager.py:824} INFO - There are 0 files in /opt/airflow/dags
[2025-03-12T21:17:03.890+0000] {manager.py:821} INFO - Searching for files in /opt/airflow/dags
[2025-03-12T21:17:03.891+0000] {manager.py:824} INFO - There are 0 files in /opt/airflow/dags
[2025-03-12T21:22:04.726+0000] {manager.py:821} INFO - Searching for files in /opt/airflow/dags
[2025-03-12T21:22:04.727+0000] {manager.py:824} INFO - There are 0 files in /opt/airflow/dags
[2025-03-12T21:27:05.546+0000] {manager.py:821} INFO - Searching for files in /opt/airflow/dags
[2025-03-12T21:27:05.547+0000] {manager.py:824} INFO - There are 0 files in /opt/airflow/dags
[2025-03-12T21:32:06.379+0000] {manager.py:821} INFO - Searching for files in /opt/airflow/dags
[2025-03-12T21:32:06.380+0000] {manager.py:824} INFO - There are 0 files in /opt/airflow/dags
[2025-03-12T21:37:07.196+0000] {manager.py:821} INFO - Searching for files in /opt/airflow/dags
[2025-03-12T21:37:07.197+0000] {manager.py:824} INFO - There are 0 files in /opt/airflow/dags
[2025-03-12T21:42:08.014+0000] {manager.py:821} INFO - Searching for files in /opt/airflow/dags
[2025-03-12T21:42:08.015+0000] {manager.py:824} INFO - There are 0 files in /opt/airflow/dags
[2025-03-12T21:47:08.839+0000] {manager.py:821} INFO - Searching for files in /opt/airflow/dags
[2025-03-12T21:47:08.840+0000] {manager.py:824} INFO - There are 0 files in /opt/airflow/dags
[2025-03-12T21:52:09.648+0000] {manager.py:821} INFO - Searching for files in /opt/airflow/dags
[2025-03-12T21:52:09.649+0000] {manager.py:824} INFO - There are 0 files in /opt/airflow/dags
[2025-03-12T21:57:10.461+0000] {manager.py:821} INFO - Searching for files in /opt/airflow/dags
[2025-03-12T21:57:10.462+0000] {manager.py:824} INFO - There are 0 files in /opt/airflow/dags
[2025-03-12T22:02:10.898+0000] {manager.py:821} INFO - Searching for files in /opt/airflow/dags
[2025-03-12T22:02:10.899+0000] {manager.py:824} INFO - There are 0 files in /opt/airflow/dags
[2025-03-12T22:07:11.305+0000] {manager.py:821} INFO - Searching for files in /opt/airflow/dags
[2025-03-12T22:07:11.306+0000] {manager.py:824} INFO - There are 0 files in /opt/airflow/dags
[2025-03-12T22:12:11.525+0000] {manager.py:821} INFO - Searching for files in /opt/airflow/dags
[2025-03-12T22:12:11.525+0000] {manager.py:824} INFO - There are 0 files in /opt/airflow/dags
[2025-03-12T22:17:11.839+0000] {manager.py:821} INFO - Searching for files in /opt/airflow/dags
[2025-03-12T22:17:11.840+0000] {manager.py:824} INFO - There are 0 files in /opt/airflow/dags
[2025-03-12T22:22:12.415+0000] {manager.py:821} INFO - Searching for files in /opt/airflow/dags
[2025-03-12T22:22:12.416+0000] {manager.py:824} INFO - There are 0 files in /opt/airflow/dags
[2025-03-12T22:27:12.862+0000] {manager.py:821} INFO - Searching for files in /opt/airflow/dags
[2025-03-12T22:27:12.863+0000] {manager.py:824} INFO - There are 0 files in /opt/airflow/dags
[2025-03-12T22:32:13.419+0000] {manager.py:821} INFO - Searching for files in /opt/airflow/dags
[2025-03-12T22:32:13.420+0000] {manager.py:824} INFO - There are 0 files in /opt/airflow/dags
[2025-03-12T22:37:13.731+0000] {manager.py:821} INFO - Searching for files in /opt/airflow/dags
[2025-03-12T22:37:13.732+0000] {manager.py:824} INFO - There are 0 files in /opt/airflow/dags
[2025-03-12T22:42:14.172+0000] {manager.py:821} INFO - Searching for files in /opt/airflow/dags
[2025-03-12T22:42:14.173+0000] {manager.py:824} INFO - There are 0 files in /opt/airflow/dags
[2025-03-12T22:47:14.742+0000] {manager.py:821} INFO - Searching for files in /opt/airflow/dags
[2025-03-12T22:47:14.744+0000] {manager.py:824} INFO - There are 0 files in /opt/airflow/dags
[2025-03-12T22:52:14.948+0000] {manager.py:821} INFO - Searching for files in /opt/airflow/dags
[2025-03-12T22:52:14.949+0000] {manager.py:824} INFO - There are 0 files in /opt/airflow/dags
[2025-03-12T22:57:15.297+0000] {manager.py:821} INFO - Searching for files in /opt/airflow/dags
[2025-03-12T22:57:15.297+0000] {manager.py:824} INFO - There are 0 files in /opt/airflow/dags
[2025-03-12T23:02:15.485+0000] {manager.py:821} INFO - Searching for files in /opt/airflow/dags
[2025-03-12T23:02:15.485+0000] {manager.py:824} INFO - There are 0 files in /opt/airflow/dags
[2025-03-12T23:07:16.345+0000] {manager.py:821} INFO - Searching for files in /opt/airflow/dags
[2025-03-12T23:07:16.346+0000] {manager.py:824} INFO - There are 0 files in /opt/airflow/dags
[2025-03-12T23:12:17.345+0000] {manager.py:821} INFO - Searching for files in /opt/airflow/dags
[2025-03-12T23:12:17.346+0000] {manager.py:824} INFO - There are 0 files in /opt/airflow/dags
[2025-03-12T23:17:17.913+0000] {manager.py:821} INFO - Searching for files in /opt/airflow/dags
[2025-03-12T23:17:17.914+0000] {manager.py:824} INFO - There are 0 files in /opt/airflow/dags
[2025-03-12T23:22:18.554+0000] {manager.py:821} INFO - Searching for files in /opt/airflow/dags
[2025-03-12T23:22:18.555+0000] {manager.py:824} INFO - There are 0 files in /opt/airflow/dags
[2025-03-12T23:27:18.750+0000] {manager.py:821} INFO - Searching for files in /opt/airflow/dags
[2025-03-12T23:27:18.751+0000] {manager.py:824} INFO - There are 0 files in /opt/airflow/dags
[2025-03-12T23:32:18.989+0000] {manager.py:821} INFO - Searching for files in /opt/airflow/dags
[2025-03-12T23:32:18.990+0000] {manager.py:824} INFO - There are 0 files in /opt/airflow/dags
[2025-03-12T23:37:45.807+0000] {manager.py:483} INFO - Processing files using up to 2 processes at a time 
[2025-03-12T23:37:45.808+0000] {manager.py:484} INFO - Process each file at most once every 30 seconds
[2025-03-12T23:37:45.809+0000] {manager.py:485} INFO - Checking for new files in /opt/airflow/dags every 300 seconds
[2025-03-12T23:37:45.810+0000] {manager.py:821} INFO - Searching for files in /opt/airflow/dags
[2025-03-12T23:37:45.814+0000] {manager.py:824} INFO - There are 0 files in /opt/airflow/dags
[2025-03-12T23:42:46.761+0000] {manager.py:821} INFO - Searching for files in /opt/airflow/dags
[2025-03-12T23:42:46.762+0000] {manager.py:824} INFO - There are 0 files in /opt/airflow/dags
[2025-03-12T23:47:47.629+0000] {manager.py:821} INFO - Searching for files in /opt/airflow/dags
[2025-03-12T23:47:47.630+0000] {manager.py:824} INFO - There are 0 files in /opt/airflow/dags
[2025-03-12T23:52:48.158+0000] {manager.py:821} INFO - Searching for files in /opt/airflow/dags
[2025-03-12T23:52:48.159+0000] {manager.py:824} INFO - There are 0 files in /opt/airflow/dags
[2025-03-12T23:57:48.353+0000] {manager.py:821} INFO - Searching for files in /opt/airflow/dags
[2025-03-12T23:57:48.354+0000] {manager.py:824} INFO - There are 0 files in /opt/airflow/dags
[2025-03-13T00:02:48.962+0000] {manager.py:821} INFO - Searching for files in /opt/airflow/dags
[2025-03-13T00:02:48.963+0000] {manager.py:824} INFO - There are 0 files in /opt/airflow/dags
[2025-03-13T00:07:49.625+0000] {manager.py:821} INFO - Searching for files in /opt/airflow/dags
[2025-03-13T00:07:49.627+0000] {manager.py:824} INFO - There are 0 files in /opt/airflow/dags
[2025-03-13T00:12:49.812+0000] {manager.py:821} INFO - Searching for files in /opt/airflow/dags
[2025-03-13T00:12:49.814+0000] {manager.py:824} INFO - There are 0 files in /opt/airflow/dags
[2025-03-13T00:17:49.965+0000] {manager.py:821} INFO - Searching for files in /opt/airflow/dags
[2025-03-13T00:17:49.967+0000] {manager.py:824} INFO - There are 0 files in /opt/airflow/dags
[2025-03-13T00:22:50.066+0000] {manager.py:821} INFO - Searching for files in /opt/airflow/dags
[2025-03-13T00:22:50.067+0000] {manager.py:824} INFO - There are 0 files in /opt/airflow/dags
[2025-03-13T00:27:50.410+0000] {manager.py:821} INFO - Searching for files in /opt/airflow/dags
[2025-03-13T00:27:50.411+0000] {manager.py:824} INFO - There are 0 files in /opt/airflow/dags
[2025-03-13T00:32:50.963+0000] {manager.py:821} INFO - Searching for files in /opt/airflow/dags
[2025-03-13T00:32:50.964+0000] {manager.py:824} INFO - There are 0 files in /opt/airflow/dags
[2025-03-13T00:37:51.210+0000] {manager.py:821} INFO - Searching for files in /opt/airflow/dags
[2025-03-13T00:37:51.211+0000] {manager.py:824} INFO - There are 0 files in /opt/airflow/dags
[2025-03-13T00:42:51.358+0000] {manager.py:821} INFO - Searching for files in /opt/airflow/dags
[2025-03-13T00:42:51.359+0000] {manager.py:824} INFO - There are 0 files in /opt/airflow/dags
[2025-03-13T00:47:52.265+0000] {manager.py:821} INFO - Searching for files in /opt/airflow/dags
[2025-03-13T00:47:52.266+0000] {manager.py:824} INFO - There are 0 files in /opt/airflow/dags
[2025-03-13T00:52:53.013+0000] {manager.py:821} INFO - Searching for files in /opt/airflow/dags
[2025-03-13T00:52:53.014+0000] {manager.py:824} INFO - There are 0 files in /opt/airflow/dags
[2025-03-13T00:57:53.663+0000] {manager.py:821} INFO - Searching for files in /opt/airflow/dags
[2025-03-13T00:57:53.664+0000] {manager.py:824} INFO - There are 0 files in /opt/airflow/dags
[2025-03-13T01:02:54.523+0000] {manager.py:821} INFO - Searching for files in /opt/airflow/dags
[2025-03-13T01:02:54.524+0000] {manager.py:824} INFO - There are 0 files in /opt/airflow/dags
[2025-03-13T01:14:59.202+0000] {manager.py:483} INFO - Processing files using up to 2 processes at a time 
[2025-03-13T01:14:59.212+0000] {manager.py:484} INFO - Process each file at most once every 30 seconds
[2025-03-13T01:14:59.213+0000] {manager.py:485} INFO - Checking for new files in /opt/airflow/dags every 300 seconds
[2025-03-13T01:14:59.213+0000] {manager.py:821} INFO - Searching for files in /opt/airflow/dags
[2025-03-13T01:14:59.216+0000] {manager.py:824} INFO - There are 0 files in /opt/airflow/dags
[2025-03-13T01:19:59.488+0000] {manager.py:821} INFO - Searching for files in /opt/airflow/dags
[2025-03-13T01:19:59.489+0000] {manager.py:824} INFO - There are 0 files in /opt/airflow/dags
[2025-03-13T01:24:59.637+0000] {manager.py:821} INFO - Searching for files in /opt/airflow/dags
[2025-03-13T01:24:59.638+0000] {manager.py:824} INFO - There are 0 files in /opt/airflow/dags
[2025-03-13T01:30:00.503+0000] {manager.py:821} INFO - Searching for files in /opt/airflow/dags
[2025-03-13T01:30:00.505+0000] {manager.py:824} INFO - There are 0 files in /opt/airflow/dags
[2025-03-13T01:35:00.897+0000] {manager.py:821} INFO - Searching for files in /opt/airflow/dags
[2025-03-13T01:35:00.898+0000] {manager.py:824} INFO - There are 0 files in /opt/airflow/dags
[2025-03-13T21:09:31.930+0000] {manager.py:483} INFO - Processing files using up to 2 processes at a time 
[2025-03-13T21:09:31.931+0000] {manager.py:484} INFO - Process each file at most once every 30 seconds
[2025-03-13T21:09:31.932+0000] {manager.py:485} INFO - Checking for new files in /opt/airflow/dags every 300 seconds
[2025-03-13T21:09:31.932+0000] {manager.py:821} INFO - Searching for files in /opt/airflow/dags
[2025-03-13T21:09:31.934+0000] {manager.py:824} INFO - There are 0 files in /opt/airflow/dags
[2025-03-13T21:14:32.823+0000] {manager.py:821} INFO - Searching for files in /opt/airflow/dags
[2025-03-13T21:14:32.824+0000] {manager.py:824} INFO - There are 0 files in /opt/airflow/dags
[2025-03-13T21:19:33.667+0000] {manager.py:821} INFO - Searching for files in /opt/airflow/dags
[2025-03-13T21:19:33.667+0000] {manager.py:824} INFO - There are 0 files in /opt/airflow/dags
[2025-03-13T21:24:34.620+0000] {manager.py:821} INFO - Searching for files in /opt/airflow/dags
[2025-03-13T21:24:34.622+0000] {manager.py:824} INFO - There are 0 files in /opt/airflow/dags
[2025-03-13T21:29:35.504+0000] {manager.py:821} INFO - Searching for files in /opt/airflow/dags
[2025-03-13T21:29:35.505+0000] {manager.py:824} INFO - There are 0 files in /opt/airflow/dags
[2025-03-13T22:25:34.512+0000] {manager.py:483} INFO - Processing files using up to 2 processes at a time 
[2025-03-13T22:25:34.513+0000] {manager.py:484} INFO - Process each file at most once every 30 seconds
[2025-03-13T22:25:34.513+0000] {manager.py:485} INFO - Checking for new files in /opt/airflow/dags every 300 seconds
[2025-03-13T22:25:34.514+0000] {manager.py:821} INFO - Searching for files in /opt/airflow/dags
[2025-03-13T22:25:34.515+0000] {manager.py:824} INFO - There are 0 files in /opt/airflow/dags
[2025-03-13T22:30:35.425+0000] {manager.py:821} INFO - Searching for files in /opt/airflow/dags
[2025-03-13T22:30:35.426+0000] {manager.py:824} INFO - There are 0 files in /opt/airflow/dags
[2025-03-13T22:35:37.239+0000] {manager.py:821} INFO - Searching for files in /opt/airflow/dags
[2025-03-13T22:35:37.240+0000] {manager.py:824} INFO - There are 0 files in /opt/airflow/dags
[2025-03-13T22:40:37.470+0000] {manager.py:821} INFO - Searching for files in /opt/airflow/dags
[2025-03-13T22:40:37.471+0000] {manager.py:824} INFO - There are 0 files in /opt/airflow/dags
[2025-03-13T22:45:37.918+0000] {manager.py:821} INFO - Searching for files in /opt/airflow/dags
[2025-03-13T22:45:37.919+0000] {manager.py:824} INFO - There are 0 files in /opt/airflow/dags
[2025-03-13T22:50:38.689+0000] {manager.py:821} INFO - Searching for files in /opt/airflow/dags
[2025-03-13T22:50:38.690+0000] {manager.py:824} INFO - There are 0 files in /opt/airflow/dags
[2025-03-13T22:55:39.025+0000] {manager.py:821} INFO - Searching for files in /opt/airflow/dags
[2025-03-13T22:55:39.026+0000] {manager.py:824} INFO - There are 0 files in /opt/airflow/dags
[2025-03-13T23:00:39.097+0000] {manager.py:821} INFO - Searching for files in /opt/airflow/dags
[2025-03-13T23:00:39.097+0000] {manager.py:824} INFO - There are 0 files in /opt/airflow/dags
[2025-03-13T23:05:39.437+0000] {manager.py:821} INFO - Searching for files in /opt/airflow/dags
[2025-03-13T23:05:39.438+0000] {manager.py:824} INFO - There are 0 files in /opt/airflow/dags
[2025-03-13T23:10:40.540+0000] {manager.py:821} INFO - Searching for files in /opt/airflow/dags
[2025-03-13T23:10:40.542+0000] {manager.py:824} INFO - There are 0 files in /opt/airflow/dags
[2025-03-13T23:15:40.715+0000] {manager.py:821} INFO - Searching for files in /opt/airflow/dags
[2025-03-13T23:15:40.716+0000] {manager.py:824} INFO - There are 0 files in /opt/airflow/dags
[2025-03-13T23:20:41.150+0000] {manager.py:821} INFO - Searching for files in /opt/airflow/dags
[2025-03-13T23:20:41.151+0000] {manager.py:824} INFO - There are 0 files in /opt/airflow/dags
[2025-03-13T23:25:41.636+0000] {manager.py:821} INFO - Searching for files in /opt/airflow/dags
[2025-03-13T23:25:41.637+0000] {manager.py:824} INFO - There are 0 files in /opt/airflow/dags
[2025-03-13T23:30:42.015+0000] {manager.py:821} INFO - Searching for files in /opt/airflow/dags
[2025-03-13T23:30:42.016+0000] {manager.py:824} INFO - There are 0 files in /opt/airflow/dags
[2025-03-13T23:35:42.539+0000] {manager.py:821} INFO - Searching for files in /opt/airflow/dags
[2025-03-13T23:35:42.539+0000] {manager.py:824} INFO - There are 0 files in /opt/airflow/dags
[2025-03-13T23:40:43.201+0000] {manager.py:821} INFO - Searching for files in /opt/airflow/dags
[2025-03-13T23:40:43.202+0000] {manager.py:824} INFO - There are 0 files in /opt/airflow/dags
[2025-03-13T23:45:43.879+0000] {manager.py:821} INFO - Searching for files in /opt/airflow/dags
[2025-03-13T23:45:43.893+0000] {manager.py:824} INFO - There are 0 files in /opt/airflow/dags
[2025-03-13T23:50:44.363+0000] {manager.py:821} INFO - Searching for files in /opt/airflow/dags
[2025-03-13T23:50:44.364+0000] {manager.py:824} INFO - There are 0 files in /opt/airflow/dags
[2025-03-13T23:55:47.814+0000] {manager.py:821} INFO - Searching for files in /opt/airflow/dags
[2025-03-13T23:55:47.815+0000] {manager.py:824} INFO - There are 0 files in /opt/airflow/dags
[2025-03-14T00:00:48.630+0000] {manager.py:821} INFO - Searching for files in /opt/airflow/dags
[2025-03-14T00:00:48.631+0000] {manager.py:824} INFO - There are 0 files in /opt/airflow/dags
[2025-03-14T00:05:48.850+0000] {manager.py:821} INFO - Searching for files in /opt/airflow/dags
[2025-03-14T00:05:48.850+0000] {manager.py:824} INFO - There are 0 files in /opt/airflow/dags
[2025-03-14T00:10:49.451+0000] {manager.py:821} INFO - Searching for files in /opt/airflow/dags
[2025-03-14T00:10:49.451+0000] {manager.py:824} INFO - There are 0 files in /opt/airflow/dags
[2025-03-14T00:15:49.852+0000] {manager.py:821} INFO - Searching for files in /opt/airflow/dags
[2025-03-14T00:15:49.854+0000] {manager.py:824} INFO - There are 0 files in /opt/airflow/dags
[2025-03-14T00:20:50.560+0000] {manager.py:821} INFO - Searching for files in /opt/airflow/dags
[2025-03-14T00:20:50.561+0000] {manager.py:824} INFO - There are 0 files in /opt/airflow/dags
[2025-03-14T00:25:50.682+0000] {manager.py:821} INFO - Searching for files in /opt/airflow/dags
[2025-03-14T00:25:50.683+0000] {manager.py:824} INFO - There are 0 files in /opt/airflow/dags
[2025-03-14T00:30:50.936+0000] {manager.py:821} INFO - Searching for files in /opt/airflow/dags
[2025-03-14T00:30:50.937+0000] {manager.py:824} INFO - There are 0 files in /opt/airflow/dags
[2025-03-14T00:35:51.508+0000] {manager.py:821} INFO - Searching for files in /opt/airflow/dags
[2025-03-14T00:35:51.509+0000] {manager.py:824} INFO - There are 0 files in /opt/airflow/dags
[2025-03-14T00:40:52.676+0000] {manager.py:821} INFO - Searching for files in /opt/airflow/dags
[2025-03-14T00:40:52.676+0000] {manager.py:824} INFO - There are 0 files in /opt/airflow/dags
[2025-03-14T00:45:53.657+0000] {manager.py:821} INFO - Searching for files in /opt/airflow/dags
[2025-03-14T00:45:53.658+0000] {manager.py:824} INFO - There are 0 files in /opt/airflow/dags
[2025-03-14T00:50:54.172+0000] {manager.py:821} INFO - Searching for files in /opt/airflow/dags
[2025-03-14T00:50:54.173+0000] {manager.py:824} INFO - There are 0 files in /opt/airflow/dags
[2025-03-14T00:55:55.148+0000] {manager.py:821} INFO - Searching for files in /opt/airflow/dags
[2025-03-14T00:55:55.148+0000] {manager.py:824} INFO - There are 0 files in /opt/airflow/dags
[2025-03-14T01:00:55.789+0000] {manager.py:821} INFO - Searching for files in /opt/airflow/dags
[2025-03-14T01:00:55.790+0000] {manager.py:824} INFO - There are 0 files in /opt/airflow/dags
[2025-03-17T20:56:48.494+0000] {manager.py:483} INFO - Processing files using up to 2 processes at a time 
[2025-03-17T20:56:48.495+0000] {manager.py:484} INFO - Process each file at most once every 30 seconds
[2025-03-17T20:56:48.495+0000] {manager.py:485} INFO - Checking for new files in /opt/airflow/dags every 300 seconds
[2025-03-17T20:56:48.496+0000] {manager.py:821} INFO - Searching for files in /opt/airflow/dags
[2025-03-17T20:56:48.497+0000] {manager.py:824} INFO - There are 0 files in /opt/airflow/dags
[2025-03-17T20:56:49.479+0000] {manager.py:465} INFO - Exiting gracefully upon receiving signal 15
[2025-03-17T20:57:04.400+0000] {manager.py:483} INFO - Processing files using up to 2 processes at a time 
[2025-03-17T20:57:04.401+0000] {manager.py:484} INFO - Process each file at most once every 30 seconds
[2025-03-17T20:57:04.402+0000] {manager.py:485} INFO - Checking for new files in /opt/airflow/dags every 300 seconds
[2025-03-17T20:57:04.402+0000] {manager.py:821} INFO - Searching for files in /opt/airflow/dags
[2025-03-17T20:57:04.403+0000] {manager.py:824} INFO - There are 0 files in /opt/airflow/dags
